0 info it worked if it ends with ok
1 verbose cli [ 'e:\\软件工具安装地\\node\\node.exe',
1 verbose cli   'e:\\软件工具安装地\\node\\node_modules\\npm\\bin\\npm-cli.js',
1 verbose cli   'run',
1 verbose cli   'dev' ]
2 info using npm@3.10.10
3 info using node@v6.11.1
4 verbose run-script [ 'predev', 'dev', 'postdev' ]
5 info lifecycle new-pro20171101@1.0.0~predev: new-pro20171101@1.0.0
6 silly lifecycle new-pro20171101@1.0.0~predev: no script for predev, continuing
7 info lifecycle new-pro20171101@1.0.0~dev: new-pro20171101@1.0.0
8 verbose lifecycle new-pro20171101@1.0.0~dev: unsafe-perm in lifecycle true
9 verbose lifecycle new-pro20171101@1.0.0~dev: PATH: e:\软件工具安装地\node\node_modules\npm\bin\node-gyp-bin;c:\Users\pactera\Desktop\new-pro20171101\node_modules\.bin;c:\Users\pactera\bin;.;E:\软件工具安装地\Git\local\bin;E:\软件工具安装地\Git\mingw\bin;E:\软件工具安装地\Git\bin;E:\软件工具安装地\Git\bin;c:\ProgramData\Oracle\Java\javapath;d:\tomcat\apache-tomcat-9.0.0.M26\lib;d:\tomcat\apache-tomcat-9.0.0.M26\bin;e:\java\bin;e:\java\jre\bin;c:\Program Files\Docker\Docker\Resources\bin;c:\WINDOWS\system32;c:\WINDOWS;c:\WINDOWS\System32\Wbem;c:\WINDOWS\System32\WindowsPowerShell\v1.0\;e:\软件工具安装地\小乌龟\bin;e:\软件工具安装地\node\;d:\python\Scripts\;d:\python\;c:\Users\pactera\AppData\Local\Microsoft\WindowsApps;e:\软件工具安装地\Microsoft VS Code\bin;c:\Users\pactera\AppData\Roaming\npm;.
10 verbose lifecycle new-pro20171101@1.0.0~dev: CWD: c:\Users\pactera\Desktop\new-pro20171101
11 silly lifecycle new-pro20171101@1.0.0~dev: Args: [ '/d /s /c',
11 silly lifecycle   'set WEBPACK_ENV=dev && webpack-dev-server --inline --port 8099' ]
12 silly lifecycle new-pro20171101@1.0.0~dev: Returned: code: 3221225786  signal: null
13 info lifecycle new-pro20171101@1.0.0~dev: Failed to exec dev script
14 verbose stack Error: new-pro20171101@1.0.0 dev: `set WEBPACK_ENV=dev && webpack-dev-server --inline --port 8099`
14 verbose stack Exit status 3221225786
14 verbose stack     at EventEmitter.<anonymous> (e:\软件工具安装地\node\node_modules\npm\lib\utils\lifecycle.js:255:16)
14 verbose stack     at emitTwo (events.js:106:13)
14 verbose stack     at EventEmitter.emit (events.js:191:7)
14 verbose stack     at ChildProcess.<anonymous> (e:\软件工具安装地\node\node_modules\npm\lib\utils\spawn.js:40:14)
14 verbose stack     at emitTwo (events.js:106:13)
14 verbose stack     at ChildProcess.emit (events.js:191:7)
14 verbose stack     at maybeClose (internal/child_process.js:891:16)
14 verbose stack     at Process.ChildProcess._handle.onexit (internal/child_process.js:226:5)
15 verbose pkgid new-pro20171101@1.0.0
16 verbose cwd c:\Users\pactera\Desktop\new-pro20171101
17 error Windows_NT 10.0.16299
18 error argv "e:\\软件工具安装地\\node\\node.exe" "e:\\软件工具安装地\\node\\node_modules\\npm\\bin\\npm-cli.js" "run" "dev"
19 error node v6.11.1
20 error npm  v3.10.10
21 error code ELIFECYCLE
22 error new-pro20171101@1.0.0 dev: `set WEBPACK_ENV=dev && webpack-dev-server --inline --port 8099`
22 error Exit status 3221225786
23 error Failed at the new-pro20171101@1.0.0 dev script 'set WEBPACK_ENV=dev && webpack-dev-server --inline --port 8099'.
23 error Make sure you have the latest version of node.js and npm installed.
23 error If you do, this is most likely a problem with the new-pro20171101 package,
23 error not with npm itself.
23 error Tell the author that this fails on your system:
23 error     set WEBPACK_ENV=dev && webpack-dev-server --inline --port 8099
23 error You can get information on how to open an issue for this project with:
23 error     npm bugs new-pro20171101
23 error Or if that isn't available, you can get their info via:
23 error     npm owner ls new-pro20171101
23 error There is likely additional logging output above.
24 verbose exit [ 1, true ]
